Arguments: 
  C:\nodejs\node.exe C:\Users\oralb\AppData\Roaming\npm\node_modules\yarn\bin\yarn.js add @react-native-async-storage/async-storage

PATH: 
  C:\ProgramData\Oracle\Java\javapath;C:\WINDOWS\system32;C:\WINDOWS;C:\WINDOWS\System32\Wbem;C:\WINDOWS\System32\WindowsPowerShell\v1.0\;C:\WINDOWS\System32\OpenSSH\;C:\Program Files (x86)\NVIDIA Corporation\PhysX\Common;C:\Program Files\NVIDIA Corporation\NVIDIA NvDLISR;C:\ProgramData\chocolatey\bin;C:\php;C:\nodejs\;C:\Program Files\Git\cmd;C:\ProgramData\ComposerSetup\bin;C:\OpenServer2\modules\php\PHP_8.1;C:\Program Files\Java\jre1.8.0_51\bin;C:\Users\oralb\AppData\Local\Microsoft\WindowsApps;C:\Users\oralb\AppData\Local\Programs\Microsoft VS Code\bin;C:\tools\dart-sdk\bin;C:\Users\oralb\AppData\Roaming\Pub\Cache\bin;C:\Users\oralb\AppData\Roaming\Composer\vendor\bin;C:\Users\oralb\AppData\Roaming\npm;C:\OpenServer2\modules\database\PostgreSQL-14.1-Win10\bin;C:\oralb\AppData\Local\Programs\Python\Python310\Scripts\;C:\oralb\AppData\Local\Programs\Python\Python310\;C:\OpenServer2\modules\php\PHP_8.1\php.exe;

Yarn version: 
  1.22.19

Node version: 
  16.15.1

Platform: 
  win32 x64

Trace: 
  Error: https://registry.yarnpkg.com/date-fns/-/date-fns-2.30.0.tgz: ESOCKETTIMEDOUT
      at ClientRequest.<anonymous> (C:\Users\oralb\AppData\Roaming\npm\node_modules\yarn\lib\cli.js:141517:19)
      at Object.onceWrapper (node:events:641:28)
      at ClientRequest.emit (node:events:527:28)
      at TLSSocket.emitRequestTimeout (node:_http_client:771:9)
      at Object.onceWrapper (node:events:641:28)
      at TLSSocket.emit (node:events:539:35)
      at TLSSocket.Socket._onTimeout (node:net:516:8)
      at listOnTimeout (node:internal/timers:559:17)
      at processTimers (node:internal/timers:502:7)

npm manifest: 
  {
    "name": "hajjum",
    "version": "1.0.0",
    "main": "node_modules/expo/AppEntry.js",
    "scripts": {
      "start": "expo start",
      "android": "expo start --android",
      "ios": "expo start --ios",
      "web": "expo start --web"
    },
    "dependencies": {
      "@expo/webpack-config": "^0.17.0",
      "@mapbox/polyline": "^1.1.1",
      "@react-native-async-storage/async-storage": "~1.17.3",
      "@react-native-community/masked-view": "^0.1.11",
      "@react-native-community/netinfo": "9.3.0",
      "@react-native-picker/picker": "2.4.2",
      "@react-navigation/bottom-tabs": "^6.4.0",
      "@react-navigation/material-top-tabs": "^6.5.1",
      "@react-navigation/native": "^6.1.5",
      "@react-navigation/native-stack": "^6.9.1",
      "@reduxjs/toolkit": "^1.9.5",
      "axios": "^1.1.3",
      "date-fns": "^2.29.3",
      "expo": "~46.0.16",
      "expo-app-loading": "~2.1.0",
      "expo-dev-client": "~1.3.1",
      "expo-file-system": "~14.1.0",
      "expo-font": "~10.2.0",
      "expo-location": "~14.3.0",
      "expo-status-bar": "~1.4.0",
      "expo-updates": "~0.14.7",
      "g": "^2.0.1",
      "hermes-engine": "^0.11.0",
      "i18next": "^22.4.9",
      "intl": "^1.2.5",
      "intl-pluralrules": "^1.3.1",
      "libphonenumber-js": "^1.10.26",
      "moti": "^0.21.0",
      "npm": "^8.19.3",
      "react": "18.0.0",
      "react-dom": "18.0.0",
      "react-i18next": "^12.1.5",
      "react-native": "0.69.9",
      "react-native-animatable": "^1.3.3",
      "react-native-cached-image": "^1.4.3",
      "react-native-calendars": "^1.1295.0",
      "react-native-dropdown-picker": "^5.4.3",
      "react-native-geocoding": "^0.5.0",
      "react-native-gesture-handler": "~2.5.0",
      "react-native-google-places-autocomplete": "^2.5.1",
      "react-native-maps": "0.31.1",
      "react-native-maps-directions": "^1.9.0",
      "react-native-pager-view": "5.4.24",
      "react-native-reanimated": "~2.9.1",
      "react-native-safe-area-context": "4.3.1",
      "react-native-screens": "~3.15.0",
      "react-native-snap-carousel": "^3.9.1",
      "react-native-svg": "12.3.0",
      "react-native-tab-view": "^3.3.4",
      "react-native-web": "~0.18.7",
      "react-native-webview": "11.23.0",
      "react-native-youtube-iframe": "^2.2.2",
      "react-query": "^3.39.3",
      "react-redux": "^7.2.9",
      "react-sweet-state": "^2.6.5",
      "redux": "^4.2.1",
      "redux-persist": "^6.0.0"
    },
    "devDependencies": {
      "@babel/core": "^7.12.9",
      "@babel/preset-env": "^7.20.2"
    },
    "private": true
  }

yarn manifest: 
  No manifest

Lockfile: 
  No lockfile
